  [1m[35m (1.4ms)[0m  [1m[35mDROP TABLE IF EXISTS "allowlisted_jwts"[0m
  [1m[35m (2.2ms)[0m  [1m[35mCREATE TABLE "allowlisted_jwts" ("id" integer PRIMARY KEY AUTOINCREMENT NOT NULL, "jti" varchar NOT NULL, "aud" varchar, "jwt_with_allowlist_user_id" integer, "exp" datetime(6) DEFAULT '2017-12-11 11:49:00' NOT NULL)[0m
  [1m[35m (2.2ms)[0m  [1m[35mCREATE UNIQUE INDEX "index_allowlisted_jwts_on_jti" ON "allowlisted_jwts" ("jti")[0m
  [1m[35m (0.2ms)[0m  [1m[35mCREATE INDEX "index_allowlisted_jwts_on_jwt_with_allowlist_user_id" ON "allowlisted_jwts" ("jwt_with_allowlist_user_id")[0m
  [1m[35m (0.1ms)[0m  [1m[35mDROP TABLE IF EXISTS "jwt_denylist"[0m
  [1m[35m (0.2ms)[0m  [1m[35mCREATE TABLE "jwt_denylist" ("id" integer PRIMARY KEY AUTOINCREMENT NOT NULL, "jti" varchar NOT NULL, "exp" datetime(6) DEFAULT '2017-12-11 09:46:10' NOT NULL)[0m
  [1m[35m (0.2ms)[0m  [1m[35mCREATE UNIQUE INDEX "index_jwt_denylist_on_jti" ON "jwt_denylist" ("jti")[0m
  [1m[35m (0.1ms)[0m  [1m[35mDROP TABLE IF EXISTS "jwt_with_allowlist_users"[0m
  [1m[35m (0.9ms)[0m  [1m[35mCREATE TABLE "jwt_with_allowlist_users" ("id" integer PRIMARY KEY AUTOINCREMENT NOT NULL, "email" varchar DEFAULT '' NOT NULL, "encrypted_password" varchar DEFAULT '' NOT NULL, "reset_password_token" varchar, "reset_password_sent_at" datetime(6), "remember_created_at" datetime(6), "sign_in_count" integer DEFAULT 0 NOT NULL, "current_sign_in_at" datetime(6), "last_sign_in_at" datetime(6), "current_sign_in_ip" varchar, "last_sign_in_ip" varchar, "created_at" datetime(6) NOT NULL, "updated_at" datetime(6) NOT NULL)[0m
  [1m[35m (0.3ms)[0m  [1m[35mCREATE UNIQUE INDEX "index_jwt_with_allowlist_users_on_email" ON "jwt_with_allowlist_users" ("email")[0m
  [1m[35m (0.2ms)[0m  [1m[35mCREATE UNIQUE INDEX "index_jwt_with_allowlist_users_on_reset_password_token" ON "jwt_with_allowlist_users" ("reset_password_token")[0m
  [1m[35m (0.1ms)[0m  [1m[35mDROP TABLE IF EXISTS "jwt_with_denylist_users"[0m
  [1m[35m (0.4ms)[0m  [1m[35mCREATE TABLE "jwt_with_denylist_users" ("id" integer PRIMARY KEY AUTOINCREMENT NOT NULL, "email" varchar DEFAULT '' NOT NULL, "encrypted_password" varchar DEFAULT '' NOT NULL, "reset_password_token" varchar, "reset_password_sent_at" datetime(6), "remember_created_at" datetime(6), "sign_in_count" integer DEFAULT 0 NOT NULL, "current_sign_in_at" datetime(6), "last_sign_in_at" datetime(6), "current_sign_in_ip" varchar, "last_sign_in_ip" varchar, "created_at" datetime(6) NOT NULL, "updated_at" datetime(6) NOT NULL)[0m
  [1m[35m (2.6ms)[0m  [1m[35mCREATE UNIQUE INDEX "index_jwt_with_denylist_users_on_email" ON "jwt_with_denylist_users" ("email")[0m
  [1m[35m (0.3ms)[0m  [1m[35mCREATE UNIQUE INDEX "index_jwt_with_denylist_users_on_reset_password_token" ON "jwt_with_denylist_users" ("reset_password_token")[0m
  [1m[35m (0.1ms)[0m  [1m[35mDROP TABLE IF EXISTS "jwt_with_jti_matcher_users"[0m
  [1m[35m (0.2ms)[0m  [1m[35mCREATE TABLE "jwt_with_jti_matcher_users" ("id" integer PRIMARY KEY AUTOINCREMENT NOT NULL, "email" varchar DEFAULT '' NOT NULL, "encrypted_password" varchar DEFAULT '' NOT NULL, "reset_password_token" varchar, "reset_password_sent_at" datetime(6), "remember_created_at" datetime(6), "sign_in_count" integer DEFAULT 0 NOT NULL, "current_sign_in_at" datetime(6), "last_sign_in_at" datetime(6), "current_sign_in_ip" varchar, "last_sign_in_ip" varchar, "created_at" datetime(6) NOT NULL, "updated_at" datetime(6) NOT NULL, "jti" varchar NOT NULL)[0m
  [1m[35m (0.2ms)[0m  [1m[35mCREATE UNIQUE INDEX "index_jwt_with_jti_matcher_users_on_email" ON "jwt_with_jti_matcher_users" ("email")[0m
  [1m[35m (0.2ms)[0m  [1m[35mCREATE UNIQUE INDEX "index_jwt_with_jti_matcher_users_on_reset_password_token" ON "jwt_with_jti_matcher_users" ("reset_password_token")[0m
  [1m[35m (0.1ms)[0m  [1m[35mDROP TABLE IF EXISTS "jwt_with_null_users"[0m
  [1m[35m (0.4ms)[0m  [1m[35mCREATE TABLE "jwt_with_null_users" ("id" integer PRIMARY KEY AUTOINCREMENT NOT NULL, "email" varchar DEFAULT '' NOT NULL, "encrypted_password" varchar DEFAULT '' NOT NULL, "reset_password_token" varchar, "reset_password_sent_at" datetime(6), "remember_created_at" datetime(6), "sign_in_count" integer DEFAULT 0 NOT NULL, "current_sign_in_at" datetime(6), "last_sign_in_at" datetime(6), "current_sign_in_ip" varchar, "last_sign_in_ip" varchar, "created_at" datetime(6) NOT NULL, "updated_at" datetime(6) NOT NULL)[0m
  [1m[35m (0.2ms)[0m  [1m[35mCREATE UNIQUE INDEX "index_jwt_with_null_users_on_email" ON "jwt_with_null_users" ("email")[0m
  [1m[35m (0.2ms)[0m  [1m[35mCREATE UNIQUE INDEX "index_jwt_with_null_users_on_reset_password_token" ON "jwt_with_null_users" ("reset_password_token")[0m
  [1m[35m (0.1ms)[0m  [1m[35mDROP TABLE IF EXISTS "no_jwt_users"[0m
  [1m[35m (0.4ms)[0m  [1m[35mCREATE TABLE "no_jwt_users" ("id" integer PRIMARY KEY AUTOINCREMENT NOT NULL, "email" varchar DEFAULT '' NOT NULL, "encrypted_password" varchar DEFAULT '' NOT NULL, "reset_password_token" varchar, "reset_password_sent_at" datetime(6), "remember_created_at" datetime(6), "sign_in_count" integer DEFAULT 0 NOT NULL, "current_sign_in_at" datetime(6), "last_sign_in_at" datetime(6), "current_sign_in_ip" varchar, "last_sign_in_ip" varchar, "created_at" datetime(6) NOT NULL, "updated_at" datetime(6) NOT NULL)[0m
  [1m[35m (0.4ms)[0m  [1m[35mCREATE UNIQUE INDEX "index_no_jwt_users_on_email" ON "no_jwt_users" ("email")[0m
  [1m[35m (0.6ms)[0m  [1m[35mCREATE UNIQUE INDEX "index_no_jwt_users_on_reset_password_token" ON "no_jwt_users" ("reset_password_token")[0m
  [1m[36mTRANSACTION (0.1ms)[0m  [1m[36mBEGIN immediate TRANSACTION[0m
  [1m[35mSQL (0.5ms)[0m  [1m[35mPRAGMA foreign_keys[0m
  [1m[35mSQL (0.1ms)[0m  [1m[35mPRAGMA defer_foreign_keys[0m
  [1m[35m (0.1ms)[0m  [1m[35mPRAGMA defer_foreign_keys = ON[0m
  [1m[35m (0.1ms)[0m  [1m[35mPRAGMA foreign_keys = OFF[0m
  [1m[35m (0.7ms)[0m  [1m[35mCREATE TEMPORARY TABLE "aallowlisted_jwts" ("id" integer PRIMARY KEY AUTOINCREMENT NOT NULL, "jti" varchar NOT NULL, "aud" varchar, "jwt_with_allowlist_user_id" integer, "exp" datetime(6) DEFAULT '2017-12-11 11:49:00' NOT NULL)[0m
  [1m[35m (0.2ms)[0m  [1m[35mCREATE INDEX "tindex_aallowlisted_jwts_on_jwt_with_allowlist_user_id" ON "aallowlisted_jwts" ("jwt_with_allowlist_user_id")[0m
  [1m[35m (0.2ms)[0m  [1m[35mCREATE UNIQUE INDEX "tindex_aallowlisted_jwts_on_jti" ON "aallowlisted_jwts" ("jti")[0m
  [1m[35mSQL (0.4ms)[0m  [1m[32mINSERT INTO "aallowlisted_jwts" ("id","jti","aud","jwt_with_allowlist_user_id","exp")
                     SELECT "id","jti","aud","jwt_with_allowlist_user_id","exp" FROM "allowlisted_jwts"[0m
  [1m[35m (2.2ms)[0m  [1m[35mDROP TABLE "allowlisted_jwts"[0m
  [1m[35m (0.8ms)[0m  [1m[35mCREATE TABLE "allowlisted_jwts" ("id" integer PRIMARY KEY AUTOINCREMENT NOT NULL, "jti" varchar NOT NULL, "aud" varchar, "jwt_with_allowlist_user_id" integer, "exp" datetime(6) DEFAULT '2017-12-11 11:49:00' NOT NULL, CONSTRAINT "fk_rails_2bce555a50"
FOREIGN KEY ("jwt_with_allowlist_user_id")
  REFERENCES "jwt_with_allowlist_users" ("id")
)[0m
  [1m[35m (0.2ms)[0m  [1m[35mCREATE UNIQUE INDEX "index_allowlisted_jwts_on_jti" ON "allowlisted_jwts" ("jti")[0m
  [1m[35m (0.2ms)[0m  [1m[35mCREATE INDEX "index_allowlisted_jwts_on_jwt_with_allowlist_user_id" ON "allowlisted_jwts" ("jwt_with_allowlist_user_id")[0m
  [1m[35mSQL (0.1ms)[0m  [1m[32mINSERT INTO "allowlisted_jwts" ("id","jti","aud","jwt_with_allowlist_user_id","exp")
                     SELECT "id","jti","aud","jwt_with_allowlist_user_id","exp" FROM "aallowlisted_jwts"[0m
  [1m[35m (0.2ms)[0m  [1m[35mDROP TABLE "aallowlisted_jwts"[0m
  [1m[35m (0.0ms)[0m  [1m[35mPRAGMA defer_foreign_keys = 0[0m
  [1m[35m (0.0ms)[0m  [1m[35mPRAGMA foreign_keys = 1[0m
  [1m[36mTRANSACTION (0.2ms)[0m  [1m[36mCOMMIT TRANSACTION[0m
  [1m[35m (0.5ms)[0m  [1m[35mCREATE TABLE "schema_migrations" ("version" varchar NOT NULL PRIMARY KEY)[0m
  [1m[36mActiveRecord::SchemaMigration Load (0.2ms)[0m  [1m[34mSELECT "schema_migrations"."version" FROM "schema_migrations" ORDER BY "schema_migrations"."version" ASC[0m
  [1m[35m (0.7ms)[0m  [1m[32mINSERT INTO "schema_migrations" (version) VALUES (20200603053415)[0m
  [1m[35m (0.3ms)[0m  [1m[32mINSERT INTO "schema_migrations" (version) VALUES
(20170113091441);[0m
  [1m[35m (1.5ms)[0m  [1m[35mCREATE TABLE "ar_internal_metadata" ("key" varchar NOT NULL PRIMARY KEY, "value" varchar, "created_at" datetime(6) NOT NULL, "updated_at" datetime(6) NOT NULL)[0m
  [1m[36mActiveRecord::InternalMetadata Load (0.2ms)[0m  [1m[34mSELECT * FROM "ar_internal_metadata" WHERE "ar_internal_metadata"."key" = ? ORDER BY "ar_internal_metadata"."key" ASC LIMIT 1[0m  [[nil, "environment"]]
  [1m[36mActiveRecord::InternalMetadata Create (6.5ms)[0m  [1m[32mINSERT INTO "ar_internal_metadata" ("key", "value", "created_at", "updated_at") VALUES ('environment', 'development', '2025-08-18 07:32:23.805550', '2025-08-18 07:32:23.805553') RETURNING "key"[0m
  [1m[36mActiveRecord::InternalMetadata Load (0.7ms)[0m  [1m[34mSELECT * FROM "ar_internal_metadata" WHERE "ar_internal_metadata"."key" = ? ORDER BY "ar_internal_metadata"."key" ASC LIMIT 1[0m  [[nil, "environment"]]
  [1m[36mActiveRecord::InternalMetadata Load (0.2ms)[0m  [1m[34mSELECT * FROM "ar_internal_metadata" WHERE "ar_internal_metadata"."key" = ? ORDER BY "ar_internal_metadata"."key" ASC LIMIT 1[0m  [[nil, "schema_sha1"]]
  [1m[36mActiveRecord::InternalMetadata Create (21.2ms)[0m  [1m[32mINSERT INTO "ar_internal_metadata" ("key", "value", "created_at", "updated_at") VALUES ('schema_sha1', '85719ba8529a73524e95808aea0ef2a6228731a8', '2025-08-18 07:32:23.814990', '2025-08-18 07:32:23.814994') RETURNING "key"[0m
  [1m[36mActiveRecord::InternalMetadata Load (0.2ms)[0m  [1m[34mSELECT * FROM "ar_internal_metadata" WHERE "ar_internal_metadata"."key" = ? ORDER BY "ar_internal_metadata"."key" ASC LIMIT 1[0m  [[nil, "environment"]]
  [1m[36mActiveRecord::SchemaMigration Load (0.2ms)[0m  [1m[34mSELECT "schema_migrations"."version" FROM "schema_migrations" ORDER BY "schema_migrations"."version" ASC[0m
Migrating to CreateUsers (20250818072010)
  [1m[36mTRANSACTION (0.1ms)[0m  [1m[36mBEGIN immediate TRANSACTION[0m
  [1m[35m (0.6ms)[0m  [1m[35mCREATE TABLE "users" ("id" integer PRIMARY KEY AUTOINCREMENT NOT NULL, "encrypted_password" varchar, "email" varchar, "public_address" varchar, "created_at" datetime(6) NOT NULL, "updated_at" datetime(6) NOT NULL)[0m
  [1m[36mActiveRecord::SchemaMigration Create (0.3ms)[0m  [1m[32mINSERT INTO "schema_migrations" ("version") VALUES ('20250818072010') RETURNING "version"[0m
  [1m[36mTRANSACTION (0.3ms)[0m  [1m[36mCOMMIT TRANSACTION[0m
  [1m[36mActiveRecord::SchemaMigration Load (0.9ms)[0m  [1m[34mSELECT "schema_migrations"."version" FROM "schema_migrations" ORDER BY "schema_migrations"."version" ASC[0m
  [1m[36mActiveRecord::InternalMetadata Load (1.9ms)[0m  [1m[34mSELECT * FROM "ar_internal_metadata" WHERE "ar_internal_metadata"."key" = ? ORDER BY "ar_internal_metadata"."key" ASC LIMIT 1[0m  [[nil, "environment"]]
  [1m[36mActiveRecord::SchemaMigration Load (0.2ms)[0m  [1m[34mSELECT "schema_migrations"."version" FROM "schema_migrations" ORDER BY "schema_migrations"."version" ASC[0m
  [1m[36mActiveRecord::SchemaMigration Load (0.0ms)[0m  [1m[34mSELECT "schema_migrations"."version" FROM "schema_migrations" ORDER BY "schema_migrations"."version" ASC[0m
  [1m[36mActiveRecord::SchemaMigration Load (1.6ms)[0m  [1m[34mSELECT "schema_migrations"."version" FROM "schema_migrations" ORDER BY "schema_migrations"."version" ASC[0m
  [1m[36mActiveRecord::InternalMetadata Load (1.5ms)[0m  [1m[34mSELECT * FROM "ar_internal_metadata" WHERE "ar_internal_metadata"."key" = ? ORDER BY "ar_internal_metadata"."key" ASC LIMIT 1[0m  [[nil, "environment"]]
  [1m[36mActiveRecord::SchemaMigration Load (0.1ms)[0m  [1m[34mSELECT "schema_migrations"."version" FROM "schema_migrations" ORDER BY "schema_migrations"."version" ASC[0m
  [1m[36mActiveRecord::InternalMetadata Load (0.1ms)[0m  [1m[34mSELECT * FROM "ar_internal_metadata" WHERE "ar_internal_metadata"."key" = ? ORDER BY "ar_internal_metadata"."key" ASC LIMIT 1[0m  [[nil, "environment"]]
  [1m[36mActiveRecord::SchemaMigration Load (0.0ms)[0m  [1m[34mSELECT "schema_migrations"."version" FROM "schema_migrations" ORDER BY "schema_migrations"."version" ASC[0m
  [1m[36mActiveRecord::InternalMetadata Load (0.1ms)[0m  [1m[34mSELECT * FROM "ar_internal_metadata" WHERE "ar_internal_metadata"."key" = ? ORDER BY "ar_internal_metadata"."key" ASC LIMIT 1[0m  [[nil, "environment"]]
  [1m[35m (2.2ms)[0m  [1m[35mDROP TABLE IF EXISTS "allowlisted_jwts"[0m
  [1m[35m (0.3ms)[0m  [1m[35mCREATE TABLE "allowlisted_jwts" ("id" integer PRIMARY KEY AUTOINCREMENT NOT NULL, "jti" varchar NOT NULL, "aud" varchar, "jwt_with_allowlist_user_id" integer, "exp" datetime(6) DEFAULT '2017-12-11 11:49:00' NOT NULL)[0m
  [1m[35m (0.2ms)[0m  [1m[35mCREATE UNIQUE INDEX "index_allowlisted_jwts_on_jti" ON "allowlisted_jwts" ("jti")[0m
  [1m[35m (0.2ms)[0m  [1m[35mCREATE INDEX "index_allowlisted_jwts_on_jwt_with_allowlist_user_id" ON "allowlisted_jwts" ("jwt_with_allowlist_user_id")[0m
  [1m[35m (1.7ms)[0m  [1m[35mDROP TABLE IF EXISTS "jwt_denylist"[0m
  [1m[35m (0.3ms)[0m  [1m[35mCREATE TABLE "jwt_denylist" ("id" integer PRIMARY KEY AUTOINCREMENT NOT NULL, "jti" varchar NOT NULL, "exp" datetime(6) DEFAULT '2017-12-11 09:46:10' NOT NULL)[0m
  [1m[35m (0.2ms)[0m  [1m[35mCREATE UNIQUE INDEX "index_jwt_denylist_on_jti" ON "jwt_denylist" ("jti")[0m
  [1m[35m (1.6ms)[0m  [1m[35mDROP TABLE IF EXISTS "jwt_with_allowlist_users"[0m
  [1m[35m (0.3ms)[0m  [1m[35mCREATE TABLE "jwt_with_allowlist_users" ("id" integer PRIMARY KEY AUTOINCREMENT NOT NULL, "email" varchar DEFAULT '' NOT NULL, "encrypted_password" varchar DEFAULT '' NOT NULL, "reset_password_token" varchar, "reset_password_sent_at" datetime(6), "remember_created_at" datetime(6), "sign_in_count" integer DEFAULT 0 NOT NULL, "current_sign_in_at" datetime(6), "last_sign_in_at" datetime(6), "current_sign_in_ip" varchar, "last_sign_in_ip" varchar, "created_at" datetime(6) NOT NULL, "updated_at" datetime(6) NOT NULL)[0m
  [1m[35m (0.2ms)[0m  [1m[35mCREATE UNIQUE INDEX "index_jwt_with_allowlist_users_on_email" ON "jwt_with_allowlist_users" ("email")[0m
  [1m[35m (0.2ms)[0m  [1m[35mCREATE UNIQUE INDEX "index_jwt_with_allowlist_users_on_reset_password_token" ON "jwt_with_allowlist_users" ("reset_password_token")[0m
  [1m[35m (1.6ms)[0m  [1m[35mDROP TABLE IF EXISTS "jwt_with_denylist_users"[0m
  [1m[35m (0.3ms)[0m  [1m[35mCREATE TABLE "jwt_with_denylist_users" ("id" integer PRIMARY KEY AUTOINCREMENT NOT NULL, "email" varchar DEFAULT '' NOT NULL, "encrypted_password" varchar DEFAULT '' NOT NULL, "reset_password_token" varchar, "reset_password_sent_at" datetime(6), "remember_created_at" datetime(6), "sign_in_count" integer DEFAULT 0 NOT NULL, "current_sign_in_at" datetime(6), "last_sign_in_at" datetime(6), "current_sign_in_ip" varchar, "last_sign_in_ip" varchar, "created_at" datetime(6) NOT NULL, "updated_at" datetime(6) NOT NULL)[0m
  [1m[35m (0.2ms)[0m  [1m[35mCREATE UNIQUE INDEX "index_jwt_with_denylist_users_on_email" ON "jwt_with_denylist_users" ("email")[0m
  [1m[35m (0.2ms)[0m  [1m[35mCREATE UNIQUE INDEX "index_jwt_with_denylist_users_on_reset_password_token" ON "jwt_with_denylist_users" ("reset_password_token")[0m
  [1m[35m (1.6ms)[0m  [1m[35mDROP TABLE IF EXISTS "jwt_with_jti_matcher_users"[0m
  [1m[35m (0.4ms)[0m  [1m[35mCREATE TABLE "jwt_with_jti_matcher_users" ("id" integer PRIMARY KEY AUTOINCREMENT NOT NULL, "email" varchar DEFAULT '' NOT NULL, "encrypted_password" varchar DEFAULT '' NOT NULL, "reset_password_token" varchar, "reset_password_sent_at" datetime(6), "remember_created_at" datetime(6), "sign_in_count" integer DEFAULT 0 NOT NULL, "current_sign_in_at" datetime(6), "last_sign_in_at" datetime(6), "current_sign_in_ip" varchar, "last_sign_in_ip" varchar, "created_at" datetime(6) NOT NULL, "updated_at" datetime(6) NOT NULL, "jti" varchar NOT NULL)[0m
  [1m[35m (0.2ms)[0m  [1m[35mCREATE UNIQUE INDEX "index_jwt_with_jti_matcher_users_on_email" ON "jwt_with_jti_matcher_users" ("email")[0m
  [1m[35m (0.2ms)[0m  [1m[35mCREATE UNIQUE INDEX "index_jwt_with_jti_matcher_users_on_reset_password_token" ON "jwt_with_jti_matcher_users" ("reset_password_token")[0m
  [1m[35m (2.1ms)[0m  [1m[35mDROP TABLE IF EXISTS "jwt_with_null_users"[0m
  [1m[35m (0.3ms)[0m  [1m[35mCREATE TABLE "jwt_with_null_users" ("id" integer PRIMARY KEY AUTOINCREMENT NOT NULL, "email" varchar DEFAULT '' NOT NULL, "encrypted_password" varchar DEFAULT '' NOT NULL, "reset_password_token" varchar, "reset_password_sent_at" datetime(6), "remember_created_at" datetime(6), "sign_in_count" integer DEFAULT 0 NOT NULL, "current_sign_in_at" datetime(6), "last_sign_in_at" datetime(6), "current_sign_in_ip" varchar, "last_sign_in_ip" varchar, "created_at" datetime(6) NOT NULL, "updated_at" datetime(6) NOT NULL)[0m
  [1m[35m (0.2ms)[0m  [1m[35mCREATE UNIQUE INDEX "index_jwt_with_null_users_on_email" ON "jwt_with_null_users" ("email")[0m
  [1m[35m (0.2ms)[0m  [1m[35mCREATE UNIQUE INDEX "index_jwt_with_null_users_on_reset_password_token" ON "jwt_with_null_users" ("reset_password_token")[0m
  [1m[35m (1.5ms)[0m  [1m[35mDROP TABLE IF EXISTS "no_jwt_users"[0m
  [1m[35m (0.3ms)[0m  [1m[35mCREATE TABLE "no_jwt_users" ("id" integer PRIMARY KEY AUTOINCREMENT NOT NULL, "email" varchar DEFAULT '' NOT NULL, "encrypted_password" varchar DEFAULT '' NOT NULL, "reset_password_token" varchar, "reset_password_sent_at" datetime(6), "remember_created_at" datetime(6), "sign_in_count" integer DEFAULT 0 NOT NULL, "current_sign_in_at" datetime(6), "last_sign_in_at" datetime(6), "current_sign_in_ip" varchar, "last_sign_in_ip" varchar, "created_at" datetime(6) NOT NULL, "updated_at" datetime(6) NOT NULL)[0m
  [1m[35m (0.2ms)[0m  [1m[35mCREATE UNIQUE INDEX "index_no_jwt_users_on_email" ON "no_jwt_users" ("email")[0m
  [1m[35m (0.2ms)[0m  [1m[35mCREATE UNIQUE INDEX "index_no_jwt_users_on_reset_password_token" ON "no_jwt_users" ("reset_password_token")[0m
  [1m[35m (0.2ms)[0m  [1m[35mDROP TABLE IF EXISTS "users"[0m
  [1m[35m (0.2ms)[0m  [1m[35mCREATE TABLE "users" ("id" integer PRIMARY KEY AUTOINCREMENT NOT NULL, "encrypted_password" varchar, "email" varchar, "public_address" varchar, "created_at" datetime(6) NOT NULL, "updated_at" datetime(6) NOT NULL)[0m
  [1m[36mTRANSACTION (0.0ms)[0m  [1m[36mBEGIN immediate TRANSACTION[0m
  [1m[35mSQL (0.2ms)[0m  [1m[35mPRAGMA foreign_keys[0m
  [1m[35mSQL (0.0ms)[0m  [1m[35mPRAGMA defer_foreign_keys[0m
  [1m[35m (0.0ms)[0m  [1m[35mPRAGMA defer_foreign_keys = ON[0m
  [1m[35m (0.0ms)[0m  [1m[35mPRAGMA foreign_keys = OFF[0m
  [1m[35m (0.2ms)[0m  [1m[35mCREATE TEMPORARY TABLE "aallowlisted_jwts" ("id" integer PRIMARY KEY AUTOINCREMENT NOT NULL, "jti" varchar NOT NULL, "aud" varchar, "jwt_with_allowlist_user_id" integer, "exp" datetime(6) DEFAULT '2017-12-11 11:49:00' NOT NULL)[0m
  [1m[35m (0.1ms)[0m  [1m[35mCREATE INDEX "tindex_aallowlisted_jwts_on_jwt_with_allowlist_user_id" ON "aallowlisted_jwts" ("jwt_with_allowlist_user_id")[0m
  [1m[35m (0.1ms)[0m  [1m[35mCREATE UNIQUE INDEX "tindex_aallowlisted_jwts_on_jti" ON "aallowlisted_jwts" ("jti")[0m
  [1m[35mSQL (0.1ms)[0m  [1m[32mINSERT INTO "aallowlisted_jwts" ("id","jti","aud","jwt_with_allowlist_user_id","exp")
                     SELECT "id","jti","aud","jwt_with_allowlist_user_id","exp" FROM "allowlisted_jwts"[0m
  [1m[35m (0.3ms)[0m  [1m[35mDROP TABLE "allowlisted_jwts"[0m
  [1m[35m (0.2ms)[0m  [1m[35mCREATE TABLE "allowlisted_jwts" ("id" integer PRIMARY KEY AUTOINCREMENT NOT NULL, "jti" varchar NOT NULL, "aud" varchar, "jwt_with_allowlist_user_id" integer, "exp" datetime(6) DEFAULT '2017-12-11 11:49:00' NOT NULL, CONSTRAINT "fk_rails_2bce555a50"
FOREIGN KEY ("jwt_with_allowlist_user_id")
  REFERENCES "jwt_with_allowlist_users" ("id")
)[0m
  [1m[35m (0.1ms)[0m  [1m[35mCREATE UNIQUE INDEX "index_allowlisted_jwts_on_jti" ON "allowlisted_jwts" ("jti")[0m
  [1m[35m (0.1ms)[0m  [1m[35mCREATE INDEX "index_allowlisted_jwts_on_jwt_with_allowlist_user_id" ON "allowlisted_jwts" ("jwt_with_allowlist_user_id")[0m
  [1m[35mSQL (0.1ms)[0m  [1m[32mINSERT INTO "allowlisted_jwts" ("id","jti","aud","jwt_with_allowlist_user_id","exp")
                     SELECT "id","jti","aud","jwt_with_allowlist_user_id","exp" FROM "aallowlisted_jwts"[0m
  [1m[35m (0.1ms)[0m  [1m[35mDROP TABLE "aallowlisted_jwts"[0m
  [1m[35m (0.0ms)[0m  [1m[35mPRAGMA defer_foreign_keys = 0[0m
  [1m[35m (0.0ms)[0m  [1m[35mPRAGMA foreign_keys = 1[0m
  [1m[36mTRANSACTION (0.2ms)[0m  [1m[36mCOMMIT TRANSACTION[0m
  [1m[36mActiveRecord::SchemaMigration Load (0.1ms)[0m  [1m[34mSELECT "schema_migrations"."version" FROM "schema_migrations" ORDER BY "schema_migrations"."version" ASC[0m
  [1m[36mActiveRecord::InternalMetadata Load (0.1ms)[0m  [1m[34mSELECT * FROM "ar_internal_metadata" WHERE "ar_internal_metadata"."key" = ? ORDER BY "ar_internal_metadata"."key" ASC LIMIT 1[0m  [[nil, "environment"]]
  [1m[36mActiveRecord::InternalMetadata Load (0.1ms)[0m  [1m[34mSELECT * FROM "ar_internal_metadata" WHERE "ar_internal_metadata"."key" = ? ORDER BY "ar_internal_metadata"."key" ASC LIMIT 1[0m  [[nil, "environment"]]
  [1m[36mActiveRecord::InternalMetadata Load (0.3ms)[0m  [1m[34mSELECT * FROM "ar_internal_metadata" WHERE "ar_internal_metadata"."key" = ? ORDER BY "ar_internal_metadata"."key" ASC LIMIT 1[0m  [[nil, "schema_sha1"]]
  [1m[36mActiveRecord::InternalMetadata Update (0.2ms)[0m  [1m[33mUPDATE "ar_internal_metadata" SET "value" = '6db2a7ec25ac4211d2a50c790f25b6416f910ff3', "updated_at" = '2025-08-18 09:56:03.620385' WHERE "ar_internal_metadata"."key" = 'schema_sha1'[0m
  [1m[35m (1.0ms)[0m  [1m[35mDROP TABLE IF EXISTS "allowlisted_jwts"[0m
  [1m[35m (1.8ms)[0m  [1m[35mCREATE TABLE "allowlisted_jwts" ("id" integer PRIMARY KEY AUTOINCREMENT NOT NULL, "jti" varchar NOT NULL, "aud" varchar, "jwt_with_allowlist_user_id" integer, "exp" datetime(6) DEFAULT '2017-12-11 11:49:00' NOT NULL)[0m
  [1m[35m (0.2ms)[0m  [1m[35mCREATE UNIQUE INDEX "index_allowlisted_jwts_on_jti" ON "allowlisted_jwts" ("jti")[0m
  [1m[35m (0.2ms)[0m  [1m[35mCREATE INDEX "index_allowlisted_jwts_on_jwt_with_allowlist_user_id" ON "allowlisted_jwts" ("jwt_with_allowlist_user_id")[0m
  [1m[35m (0.0ms)[0m  [1m[35mDROP TABLE IF EXISTS "jwt_denylist"[0m
  [1m[35m (0.2ms)[0m  [1m[35mCREATE TABLE "jwt_denylist" ("id" integer PRIMARY KEY AUTOINCREMENT NOT NULL, "jti" varchar NOT NULL, "exp" datetime(6) DEFAULT '2017-12-11 09:46:10' NOT NULL)[0m
  [1m[35m (0.2ms)[0m  [1m[35mCREATE UNIQUE INDEX "index_jwt_denylist_on_jti" ON "jwt_denylist" ("jti")[0m
  [1m[35m (0.0ms)[0m  [1m[35mDROP TABLE IF EXISTS "jwt_with_allowlist_users"[0m
  [1m[35m (0.2ms)[0m  [1m[35mCREATE TABLE "jwt_with_allowlist_users" ("id" integer PRIMARY KEY AUTOINCREMENT NOT NULL, "email" varchar DEFAULT '' NOT NULL, "encrypted_password" varchar DEFAULT '' NOT NULL, "reset_password_token" varchar, "reset_password_sent_at" datetime(6), "remember_created_at" datetime(6), "sign_in_count" integer DEFAULT 0 NOT NULL, "current_sign_in_at" datetime(6), "last_sign_in_at" datetime(6), "current_sign_in_ip" varchar, "last_sign_in_ip" varchar, "created_at" datetime(6) NOT NULL, "updated_at" datetime(6) NOT NULL)[0m
  [1m[35m (0.2ms)[0m  [1m[35mCREATE UNIQUE INDEX "index_jwt_with_allowlist_users_on_email" ON "jwt_with_allowlist_users" ("email")[0m
  [1m[35m (0.2ms)[0m  [1m[35mCREATE UNIQUE INDEX "index_jwt_with_allowlist_users_on_reset_password_token" ON "jwt_with_allowlist_users" ("reset_password_token")[0m
  [1m[35m (0.0ms)[0m  [1m[35mDROP TABLE IF EXISTS "jwt_with_denylist_users"[0m
  [1m[35m (0.2ms)[0m  [1m[35mCREATE TABLE "jwt_with_denylist_users" ("id" integer PRIMARY KEY AUTOINCREMENT NOT NULL, "email" varchar DEFAULT '' NOT NULL, "encrypted_password" varchar DEFAULT '' NOT NULL, "reset_password_token" varchar, "reset_password_sent_at" datetime(6), "remember_created_at" datetime(6), "sign_in_count" integer DEFAULT 0 NOT NULL, "current_sign_in_at" datetime(6), "last_sign_in_at" datetime(6), "current_sign_in_ip" varchar, "last_sign_in_ip" varchar, "created_at" datetime(6) NOT NULL, "updated_at" datetime(6) NOT NULL)[0m
  [1m[35m (0.2ms)[0m  [1m[35mCREATE UNIQUE INDEX "index_jwt_with_denylist_users_on_email" ON "jwt_with_denylist_users" ("email")[0m
  [1m[35m (0.2ms)[0m  [1m[35mCREATE UNIQUE INDEX "index_jwt_with_denylist_users_on_reset_password_token" ON "jwt_with_denylist_users" ("reset_password_token")[0m
  [1m[35m (0.0ms)[0m  [1m[35mDROP TABLE IF EXISTS "jwt_with_jti_matcher_users"[0m
  [1m[35m (0.2ms)[0m  [1m[35mCREATE TABLE "jwt_with_jti_matcher_users" ("id" integer PRIMARY KEY AUTOINCREMENT NOT NULL, "email" varchar DEFAULT '' NOT NULL, "encrypted_password" varchar DEFAULT '' NOT NULL, "reset_password_token" varchar, "reset_password_sent_at" datetime(6), "remember_created_at" datetime(6), "sign_in_count" integer DEFAULT 0 NOT NULL, "current_sign_in_at" datetime(6), "last_sign_in_at" datetime(6), "current_sign_in_ip" varchar, "last_sign_in_ip" varchar, "created_at" datetime(6) NOT NULL, "updated_at" datetime(6) NOT NULL, "jti" varchar NOT NULL)[0m
  [1m[35m (0.3ms)[0m  [1m[35mCREATE UNIQUE INDEX "index_jwt_with_jti_matcher_users_on_email" ON "jwt_with_jti_matcher_users" ("email")[0m
  [1m[35m (0.2ms)[0m  [1m[35mCREATE UNIQUE INDEX "index_jwt_with_jti_matcher_users_on_reset_password_token" ON "jwt_with_jti_matcher_users" ("reset_password_token")[0m
  [1m[35m (0.0ms)[0m  [1m[35mDROP TABLE IF EXISTS "jwt_with_null_users"[0m
  [1m[35m (0.2ms)[0m  [1m[35mCREATE TABLE "jwt_with_null_users" ("id" integer PRIMARY KEY AUTOINCREMENT NOT NULL, "email" varchar DEFAULT '' NOT NULL, "encrypted_password" varchar DEFAULT '' NOT NULL, "reset_password_token" varchar, "reset_password_sent_at" datetime(6), "remember_created_at" datetime(6), "sign_in_count" integer DEFAULT 0 NOT NULL, "current_sign_in_at" datetime(6), "last_sign_in_at" datetime(6), "current_sign_in_ip" varchar, "last_sign_in_ip" varchar, "created_at" datetime(6) NOT NULL, "updated_at" datetime(6) NOT NULL)[0m
  [1m[35m (0.2ms)[0m  [1m[35mCREATE UNIQUE INDEX "index_jwt_with_null_users_on_email" ON "jwt_with_null_users" ("email")[0m
  [1m[35m (0.2ms)[0m  [1m[35mCREATE UNIQUE INDEX "index_jwt_with_null_users_on_reset_password_token" ON "jwt_with_null_users" ("reset_password_token")[0m
  [1m[35m (0.1ms)[0m  [1m[35mDROP TABLE IF EXISTS "no_jwt_users"[0m
  [1m[35m (0.2ms)[0m  [1m[35mCREATE TABLE "no_jwt_users" ("id" integer PRIMARY KEY AUTOINCREMENT NOT NULL, "email" varchar DEFAULT '' NOT NULL, "encrypted_password" varchar DEFAULT '' NOT NULL, "reset_password_token" varchar, "reset_password_sent_at" datetime(6), "remember_created_at" datetime(6), "sign_in_count" integer DEFAULT 0 NOT NULL, "current_sign_in_at" datetime(6), "last_sign_in_at" datetime(6), "current_sign_in_ip" varchar, "last_sign_in_ip" varchar, "created_at" datetime(6) NOT NULL, "updated_at" datetime(6) NOT NULL)[0m
  [1m[35m (0.2ms)[0m  [1m[35mCREATE UNIQUE INDEX "index_no_jwt_users_on_email" ON "no_jwt_users" ("email")[0m
  [1m[35m (0.2ms)[0m  [1m[35mCREATE UNIQUE INDEX "index_no_jwt_users_on_reset_password_token" ON "no_jwt_users" ("reset_password_token")[0m
  [1m[35m (0.0ms)[0m  [1m[35mDROP TABLE IF EXISTS "users"[0m
  [1m[35m (0.2ms)[0m  [1m[35mCREATE TABLE "users" ("id" integer PRIMARY KEY AUTOINCREMENT NOT NULL, "encrypted_password" varchar, "email" varchar, "public_address" varchar, "created_at" datetime(6) NOT NULL, "updated_at" datetime(6) NOT NULL)[0m
  [1m[36mTRANSACTION (0.0ms)[0m  [1m[36mBEGIN immediate TRANSACTION[0m
  [1m[35mSQL (0.2ms)[0m  [1m[35mPRAGMA foreign_keys[0m
  [1m[35mSQL (0.0ms)[0m  [1m[35mPRAGMA defer_foreign_keys[0m
  [1m[35m (0.0ms)[0m  [1m[35mPRAGMA defer_foreign_keys = ON[0m
  [1m[35m (0.0ms)[0m  [1m[35mPRAGMA foreign_keys = OFF[0m
  [1m[35m (0.2ms)[0m  [1m[35mCREATE TEMPORARY TABLE "aallowlisted_jwts" ("id" integer PRIMARY KEY AUTOINCREMENT NOT NULL, "jti" varchar NOT NULL, "aud" varchar, "jwt_with_allowlist_user_id" integer, "exp" datetime(6) DEFAULT '2017-12-11 11:49:00' NOT NULL)[0m
  [1m[35m (0.1ms)[0m  [1m[35mCREATE INDEX "tindex_aallowlisted_jwts_on_jwt_with_allowlist_user_id" ON "aallowlisted_jwts" ("jwt_with_allowlist_user_id")[0m
  [1m[35m (0.1ms)[0m  [1m[35mCREATE UNIQUE INDEX "tindex_aallowlisted_jwts_on_jti" ON "aallowlisted_jwts" ("jti")[0m
  [1m[35mSQL (0.1ms)[0m  [1m[32mINSERT INTO "aallowlisted_jwts" ("id","jti","aud","jwt_with_allowlist_user_id","exp")
                     SELECT "id","jti","aud","jwt_with_allowlist_user_id","exp" FROM "allowlisted_jwts"[0m
  [1m[35m (0.1ms)[0m  [1m[35mDROP TABLE "allowlisted_jwts"[0m
  [1m[35m (0.1ms)[0m  [1m[35mCREATE TABLE "allowlisted_jwts" ("id" integer PRIMARY KEY AUTOINCREMENT NOT NULL, "jti" varchar NOT NULL, "aud" varchar, "jwt_with_allowlist_user_id" integer, "exp" datetime(6) DEFAULT '2017-12-11 11:49:00' NOT NULL, CONSTRAINT "fk_rails_2bce555a50"
FOREIGN KEY ("jwt_with_allowlist_user_id")
  REFERENCES "jwt_with_allowlist_users" ("id")
)[0m
  [1m[35m (0.1ms)[0m  [1m[35mCREATE UNIQUE INDEX "index_allowlisted_jwts_on_jti" ON "allowlisted_jwts" ("jti")[0m
  [1m[35m (0.1ms)[0m  [1m[35mCREATE INDEX "index_allowlisted_jwts_on_jwt_with_allowlist_user_id" ON "allowlisted_jwts" ("jwt_with_allowlist_user_id")[0m
  [1m[35mSQL (0.1ms)[0m  [1m[32mINSERT INTO "allowlisted_jwts" ("id","jti","aud","jwt_with_allowlist_user_id","exp")
                     SELECT "id","jti","aud","jwt_with_allowlist_user_id","exp" FROM "aallowlisted_jwts"[0m
  [1m[35m (0.1ms)[0m  [1m[35mDROP TABLE "aallowlisted_jwts"[0m
  [1m[35m (0.0ms)[0m  [1m[35mPRAGMA defer_foreign_keys = 0[0m
  [1m[35m (0.0ms)[0m  [1m[35mPRAGMA foreign_keys = 1[0m
  [1m[36mTRANSACTION (0.2ms)[0m  [1m[36mCOMMIT TRANSACTION[0m
  [1m[35m (0.2ms)[0m  [1m[35mCREATE TABLE "schema_migrations" ("version" varchar NOT NULL PRIMARY KEY)[0m
  [1m[36mActiveRecord::SchemaMigration Load (0.1ms)[0m  [1m[34mSELECT "schema_migrations"."version" FROM "schema_migrations" ORDER BY "schema_migrations"."version" ASC[0m
  [1m[35m (0.1ms)[0m  [1m[32mINSERT INTO "schema_migrations" (version) VALUES (20250818072010)[0m
  [1m[35m (0.1ms)[0m  [1m[32mINSERT INTO "schema_migrations" (version) VALUES
(20170113091441);[0m
  [1m[35m (0.2ms)[0m  [1m[35mCREATE TABLE "ar_internal_metadata" ("key" varchar NOT NULL PRIMARY KEY, "value" varchar, "created_at" datetime(6) NOT NULL, "updated_at" datetime(6) NOT NULL)[0m
  [1m[36mActiveRecord::InternalMetadata Load (0.1ms)[0m  [1m[34mSELECT * FROM "ar_internal_metadata" WHERE "ar_internal_metadata"."key" = ? ORDER BY "ar_internal_metadata"."key" ASC LIMIT 1[0m  [[nil, "environment"]]
  [1m[36mActiveRecord::InternalMetadata Create (0.1ms)[0m  [1m[32mINSERT INTO "ar_internal_metadata" ("key", "value", "created_at", "updated_at") VALUES ('environment', 'development', '2025-08-18 09:56:03.651521', '2025-08-18 09:56:03.651524') RETURNING "key"[0m
  [1m[36mActiveRecord::InternalMetadata Load (0.1ms)[0m  [1m[34mSELECT * FROM "ar_internal_metadata" WHERE "ar_internal_metadata"."key" = ? ORDER BY "ar_internal_metadata"."key" ASC LIMIT 1[0m  [[nil, "environment"]]
  [1m[36mActiveRecord::InternalMetadata Update (0.1ms)[0m  [1m[33mUPDATE "ar_internal_metadata" SET "value" = 'test', "updated_at" = '2025-08-18 09:56:03.652453' WHERE "ar_internal_metadata"."key" = 'environment'[0m
  [1m[36mActiveRecord::InternalMetadata Load (0.1ms)[0m  [1m[34mSELECT * FROM "ar_internal_metadata" WHERE "ar_internal_metadata"."key" = ? ORDER BY "ar_internal_metadata"."key" ASC LIMIT 1[0m  [[nil, "schema_sha1"]]
  [1m[36mActiveRecord::InternalMetadata Create (0.1ms)[0m  [1m[32mINSERT INTO "ar_internal_metadata" ("key", "value", "created_at", "updated_at") VALUES ('schema_sha1', '6db2a7ec25ac4211d2a50c790f25b6416f910ff3', '2025-08-18 09:56:03.652947', '2025-08-18 09:56:03.652949') RETURNING "key"[0m
  [1m[36mActiveRecord::SchemaMigration Load (0.1ms)[0m  [1m[34mSELECT "schema_migrations"."version" FROM "schema_migrations" ORDER BY "schema_migrations"."version" ASC[0m
  [1m[36mActiveRecord::SchemaMigration Load (0.2ms)[0m  [1m[34mSELECT "schema_migrations"."version" FROM "schema_migrations" ORDER BY "schema_migrations"."version" ASC[0m
  [1m[36mActiveRecord::InternalMetadata Load (0.4ms)[0m  [1m[34mSELECT * FROM "ar_internal_metadata" WHERE "ar_internal_metadata"."key" = ? ORDER BY "ar_internal_metadata"."key" ASC LIMIT 1[0m  [[nil, "environment"]]
  [1m[36mActiveRecord::SchemaMigration Load (0.1ms)[0m  [1m[34mSELECT "schema_migrations"."version" FROM "schema_migrations" ORDER BY "schema_migrations"."version" ASC[0m
  [1m[36mActiveRecord::InternalMetadata Load (0.2ms)[0m  [1m[34mSELECT * FROM "ar_internal_metadata" WHERE "ar_internal_metadata"."key" = ? ORDER BY "ar_internal_metadata"."key" ASC LIMIT 1[0m  [[nil, "environment"]]
  [1m[36mActiveRecord::SchemaMigration Load (0.1ms)[0m  [1m[34mSELECT "schema_migrations"."version" FROM "schema_migrations" ORDER BY "schema_migrations"."version" ASC[0m
  [1m[36mActiveRecord::InternalMetadata Load (0.1ms)[0m  [1m[34mSELECT * FROM "ar_internal_metadata" WHERE "ar_internal_metadata"."key" = ? ORDER BY "ar_internal_metadata"."key" ASC LIMIT 1[0m  [[nil, "environment"]]
  [1m[35m (1.9ms)[0m  [1m[35mDROP TABLE IF EXISTS "allowlisted_jwts"[0m
  [1m[35m (0.3ms)[0m  [1m[35mCREATE TABLE "allowlisted_jwts" ("id" integer PRIMARY KEY AUTOINCREMENT NOT NULL, "jti" varchar NOT NULL, "aud" varchar, "jwt_with_allowlist_user_id" integer, "exp" datetime(6) DEFAULT '2017-12-11 11:49:00' NOT NULL)[0m
  [1m[35m (0.3ms)[0m  [1m[35mCREATE UNIQUE INDEX "index_allowlisted_jwts_on_jti" ON "allowlisted_jwts" ("jti")[0m
  [1m[35m (0.3ms)[0m  [1m[35mCREATE INDEX "index_allowlisted_jwts_on_jwt_with_allowlist_user_id" ON "allowlisted_jwts" ("jwt_with_allowlist_user_id")[0m
  [1m[35m (0.4ms)[0m  [1m[35mDROP TABLE IF EXISTS "jwt_denylist"[0m
  [1m[35m (1.5ms)[0m  [1m[35mCREATE TABLE "jwt_denylist" ("id" integer PRIMARY KEY AUTOINCREMENT NOT NULL, "jti" varchar NOT NULL, "exp" datetime(6) DEFAULT '2017-12-11 09:46:10' NOT NULL)[0m
  [1m[35m (0.6ms)[0m  [1m[35mCREATE UNIQUE INDEX "index_jwt_denylist_on_jti" ON "jwt_denylist" ("jti")[0m
  [1m[35m (0.5ms)[0m  [1m[35mDROP TABLE IF EXISTS "jwt_with_allowlist_users"[0m
  [1m[35m (0.7ms)[0m  [1m[35mCREATE TABLE "jwt_with_allowlist_users" ("id" integer PRIMARY KEY AUTOINCREMENT NOT NULL, "email" varchar DEFAULT '' NOT NULL, "encrypted_password" varchar DEFAULT '' NOT NULL, "reset_password_token" varchar, "reset_password_sent_at" datetime(6), "remember_created_at" datetime(6), "sign_in_count" integer DEFAULT 0 NOT NULL, "current_sign_in_at" datetime(6), "last_sign_in_at" datetime(6), "current_sign_in_ip" varchar, "last_sign_in_ip" varchar, "created_at" datetime(6) NOT NULL, "updated_at" datetime(6) NOT NULL)[0m
  [1m[35m (0.6ms)[0m  [1m[35mCREATE UNIQUE INDEX "index_jwt_with_allowlist_users_on_email" ON "jwt_with_allowlist_users" ("email")[0m
  [1m[35m (0.3ms)[0m  [1m[35mCREATE UNIQUE INDEX "index_jwt_with_allowlist_users_on_reset_password_token" ON "jwt_with_allowlist_users" ("reset_password_token")[0m
  [1m[35m (0.3ms)[0m  [1m[35mDROP TABLE IF EXISTS "jwt_with_denylist_users"[0m
  [1m[35m (0.3ms)[0m  [1m[35mCREATE TABLE "jwt_with_denylist_users" ("id" integer PRIMARY KEY AUTOINCREMENT NOT NULL, "email" varchar DEFAULT '' NOT NULL, "encrypted_password" varchar DEFAULT '' NOT NULL, "reset_password_token" varchar, "reset_password_sent_at" datetime(6), "remember_created_at" datetime(6), "sign_in_count" integer DEFAULT 0 NOT NULL, "current_sign_in_at" datetime(6), "last_sign_in_at" datetime(6), "current_sign_in_ip" varchar, "last_sign_in_ip" varchar, "created_at" datetime(6) NOT NULL, "updated_at" datetime(6) NOT NULL)[0m
  [1m[35m (0.2ms)[0m  [1m[35mCREATE UNIQUE INDEX "index_jwt_with_denylist_users_on_email" ON "jwt_with_denylist_users" ("email")[0m
  [1m[35m (0.2ms)[0m  [1m[35mCREATE UNIQUE INDEX "index_jwt_with_denylist_users_on_reset_password_token" ON "jwt_with_denylist_users" ("reset_password_token")[0m
  [1m[35m (0.2ms)[0m  [1m[35mDROP TABLE IF EXISTS "jwt_with_jti_matcher_users"[0m
  [1m[35m (0.2ms)[0m  [1m[35mCREATE TABLE "jwt_with_jti_matcher_users" ("id" integer PRIMARY KEY AUTOINCREMENT NOT NULL, "email" varchar DEFAULT '' NOT NULL, "encrypted_password" varchar DEFAULT '' NOT NULL, "reset_password_token" varchar, "reset_password_sent_at" datetime(6), "remember_created_at" datetime(6), "sign_in_count" integer DEFAULT 0 NOT NULL, "current_sign_in_at" datetime(6), "last_sign_in_at" datetime(6), "current_sign_in_ip" varchar, "last_sign_in_ip" varchar, "created_at" datetime(6) NOT NULL, "updated_at" datetime(6) NOT NULL, "jti" varchar NOT NULL)[0m
  [1m[35m (0.2ms)[0m  [1m[35mCREATE UNIQUE INDEX "index_jwt_with_jti_matcher_users_on_email" ON "jwt_with_jti_matcher_users" ("email")[0m
  [1m[35m (0.2ms)[0m  [1m[35mCREATE UNIQUE INDEX "index_jwt_with_jti_matcher_users_on_reset_password_token" ON "jwt_with_jti_matcher_users" ("reset_password_token")[0m
  [1m[35m (0.2ms)[0m  [1m[35mDROP TABLE IF EXISTS "jwt_with_null_users"[0m
  [1m[35m (0.2ms)[0m  [1m[35mCREATE TABLE "jwt_with_null_users" ("id" integer PRIMARY KEY AUTOINCREMENT NOT NULL, "email" varchar DEFAULT '' NOT NULL, "encrypted_password" varchar DEFAULT '' NOT NULL, "reset_password_token" varchar, "reset_password_sent_at" datetime(6), "remember_created_at" datetime(6), "sign_in_count" integer DEFAULT 0 NOT NULL, "current_sign_in_at" datetime(6), "last_sign_in_at" datetime(6), "current_sign_in_ip" varchar, "last_sign_in_ip" varchar, "created_at" datetime(6) NOT NULL, "updated_at" datetime(6) NOT NULL)[0m
  [1m[35m (0.2ms)[0m  [1m[35mCREATE UNIQUE INDEX "index_jwt_with_null_users_on_email" ON "jwt_with_null_users" ("email")[0m
  [1m[35m (0.3ms)[0m  [1m[35mCREATE UNIQUE INDEX "index_jwt_with_null_users_on_reset_password_token" ON "jwt_with_null_users" ("reset_password_token")[0m
  [1m[35m (0.3ms)[0m  [1m[35mDROP TABLE IF EXISTS "no_jwt_users"[0m
  [1m[35m (0.9ms)[0m  [1m[35mCREATE TABLE "no_jwt_users" ("id" integer PRIMARY KEY AUTOINCREMENT NOT NULL, "email" varchar DEFAULT '' NOT NULL, "encrypted_password" varchar DEFAULT '' NOT NULL, "reset_password_token" varchar, "reset_password_sent_at" datetime(6), "remember_created_at" datetime(6), "sign_in_count" integer DEFAULT 0 NOT NULL, "current_sign_in_at" datetime(6), "last_sign_in_at" datetime(6), "current_sign_in_ip" varchar, "last_sign_in_ip" varchar, "created_at" datetime(6) NOT NULL, "updated_at" datetime(6) NOT NULL)[0m
  [1m[35m (0.6ms)[0m  [1m[35mCREATE UNIQUE INDEX "index_no_jwt_users_on_email" ON "no_jwt_users" ("email")[0m
  [1m[35m (0.4ms)[0m  [1m[35mCREATE UNIQUE INDEX "index_no_jwt_users_on_reset_password_token" ON "no_jwt_users" ("reset_password_token")[0m
  [1m[35m (0.6ms)[0m  [1m[35mDROP TABLE IF EXISTS "users"[0m
  [1m[35m (0.7ms)[0m  [1m[35mCREATE TABLE "users" ("id" integer PRIMARY KEY AUTOINCREMENT NOT NULL, "encrypted_password" varchar, "email" varchar, "public_address" varchar, "created_at" datetime(6) NOT NULL, "updated_at" datetime(6) NOT NULL)[0m
  [1m[36mTRANSACTION (0.0ms)[0m  [1m[36mBEGIN immediate TRANSACTION[0m
  [1m[35mSQL (0.2ms)[0m  [1m[35mPRAGMA foreign_keys[0m
  [1m[35mSQL (0.0ms)[0m  [1m[35mPRAGMA defer_foreign_keys[0m
  [1m[35m (0.0ms)[0m  [1m[35mPRAGMA defer_foreign_keys = ON[0m
  [1m[35m (0.0ms)[0m  [1m[35mPRAGMA foreign_keys = OFF[0m
  [1m[35m (0.2ms)[0m  [1m[35mCREATE TEMPORARY TABLE "aallowlisted_jwts" ("id" integer PRIMARY KEY AUTOINCREMENT NOT NULL, "jti" varchar NOT NULL, "aud" varchar, "jwt_with_allowlist_user_id" integer, "exp" datetime(6) DEFAULT '2017-12-11 11:49:00' NOT NULL)[0m
  [1m[35m (0.1ms)[0m  [1m[35mCREATE INDEX "tindex_aallowlisted_jwts_on_jwt_with_allowlist_user_id" ON "aallowlisted_jwts" ("jwt_with_allowlist_user_id")[0m
  [1m[35m (0.1ms)[0m  [1m[35mCREATE UNIQUE INDEX "tindex_aallowlisted_jwts_on_jti" ON "aallowlisted_jwts" ("jti")[0m
  [1m[35mSQL (0.1ms)[0m  [1m[32mINSERT INTO "aallowlisted_jwts" ("id","jti","aud","jwt_with_allowlist_user_id","exp")
                     SELECT "id","jti","aud","jwt_with_allowlist_user_id","exp" FROM "allowlisted_jwts"[0m
  [1m[35m (0.3ms)[0m  [1m[35mDROP TABLE "allowlisted_jwts"[0m
  [1m[35m (0.2ms)[0m  [1m[35mCREATE TABLE "allowlisted_jwts" ("id" integer PRIMARY KEY AUTOINCREMENT NOT NULL, "jti" varchar NOT NULL, "aud" varchar, "jwt_with_allowlist_user_id" integer, "exp" datetime(6) DEFAULT '2017-12-11 11:49:00' NOT NULL, CONSTRAINT "fk_rails_2bce555a50"
FOREIGN KEY ("jwt_with_allowlist_user_id")
  REFERENCES "jwt_with_allowlist_users" ("id")
)[0m
  [1m[35m (0.1ms)[0m  [1m[35mCREATE UNIQUE INDEX "index_allowlisted_jwts_on_jti" ON "allowlisted_jwts" ("jti")[0m
  [1m[35m (0.1ms)[0m  [1m[35mCREATE INDEX "index_allowlisted_jwts_on_jwt_with_allowlist_user_id" ON "allowlisted_jwts" ("jwt_with_allowlist_user_id")[0m
  [1m[35mSQL (0.1ms)[0m  [1m[32mINSERT INTO "allowlisted_jwts" ("id","jti","aud","jwt_with_allowlist_user_id","exp")
                     SELECT "id","jti","aud","jwt_with_allowlist_user_id","exp" FROM "aallowlisted_jwts"[0m
  [1m[35m (0.1ms)[0m  [1m[35mDROP TABLE "aallowlisted_jwts"[0m
  [1m[35m (0.0ms)[0m  [1m[35mPRAGMA defer_foreign_keys = 0[0m
  [1m[35m (0.0ms)[0m  [1m[35mPRAGMA foreign_keys = 1[0m
  [1m[36mTRANSACTION (0.2ms)[0m  [1m[36mCOMMIT TRANSACTION[0m
  [1m[36mActiveRecord::SchemaMigration Load (0.1ms)[0m  [1m[34mSELECT "schema_migrations"."version" FROM "schema_migrations" ORDER BY "schema_migrations"."version" ASC[0m
  [1m[36mActiveRecord::InternalMetadata Load (0.1ms)[0m  [1m[34mSELECT * FROM "ar_internal_metadata" WHERE "ar_internal_metadata"."key" = ? ORDER BY "ar_internal_metadata"."key" ASC LIMIT 1[0m  [[nil, "environment"]]
  [1m[36mActiveRecord::InternalMetadata Load (0.1ms)[0m  [1m[34mSELECT * FROM "ar_internal_metadata" WHERE "ar_internal_metadata"."key" = ? ORDER BY "ar_internal_metadata"."key" ASC LIMIT 1[0m  [[nil, "environment"]]
  [1m[36mActiveRecord::InternalMetadata Load (0.1ms)[0m  [1m[34mSELECT * FROM "ar_internal_metadata" WHERE "ar_internal_metadata"."key" = ? ORDER BY "ar_internal_metadata"."key" ASC LIMIT 1[0m  [[nil, "schema_sha1"]]
  [1m[35m (2.9ms)[0m  [1m[35mDROP TABLE IF EXISTS "allowlisted_jwts"[0m
  [1m[35m (0.3ms)[0m  [1m[35mCREATE TABLE "allowlisted_jwts" ("id" integer PRIMARY KEY AUTOINCREMENT NOT NULL, "jti" varchar NOT NULL, "aud" varchar, "jwt_with_allowlist_user_id" integer, "exp" datetime(6) DEFAULT '2017-12-11 11:49:00' NOT NULL)[0m
  [1m[35m (0.2ms)[0m  [1m[35mCREATE UNIQUE INDEX "index_allowlisted_jwts_on_jti" ON "allowlisted_jwts" ("jti")[0m
  [1m[35m (0.2ms)[0m  [1m[35mCREATE INDEX "index_allowlisted_jwts_on_jwt_with_allowlist_user_id" ON "allowlisted_jwts" ("jwt_with_allowlist_user_id")[0m
  [1m[35m (0.2ms)[0m  [1m[35mDROP TABLE IF EXISTS "jwt_denylist"[0m
  [1m[35m (0.2ms)[0m  [1m[35mCREATE TABLE "jwt_denylist" ("id" integer PRIMARY KEY AUTOINCREMENT NOT NULL, "jti" varchar NOT NULL, "exp" datetime(6) DEFAULT '2017-12-11 09:46:10' NOT NULL)[0m
  [1m[35m (0.2ms)[0m  [1m[35mCREATE UNIQUE INDEX "index_jwt_denylist_on_jti" ON "jwt_denylist" ("jti")[0m
  [1m[35m (0.2ms)[0m  [1m[35mDROP TABLE IF EXISTS "jwt_with_allowlist_users"[0m
  [1m[35m (0.2ms)[0m  [1m[35mCREATE TABLE "jwt_with_allowlist_users" ("id" integer PRIMARY KEY AUTOINCREMENT NOT NULL, "email" varchar DEFAULT '' NOT NULL, "encrypted_password" varchar DEFAULT '' NOT NULL, "reset_password_token" varchar, "reset_password_sent_at" datetime(6), "remember_created_at" datetime(6), "sign_in_count" integer DEFAULT 0 NOT NULL, "current_sign_in_at" datetime(6), "last_sign_in_at" datetime(6), "current_sign_in_ip" varchar, "last_sign_in_ip" varchar, "created_at" datetime(6) NOT NULL, "updated_at" datetime(6) NOT NULL)[0m
  [1m[35m (0.2ms)[0m  [1m[35mCREATE UNIQUE INDEX "index_jwt_with_allowlist_users_on_email" ON "jwt_with_allowlist_users" ("email")[0m
  [1m[35m (0.2ms)[0m  [1m[35mCREATE UNIQUE INDEX "index_jwt_with_allowlist_users_on_reset_password_token" ON "jwt_with_allowlist_users" ("reset_password_token")[0m
  [1m[35m (0.2ms)[0m  [1m[35mDROP TABLE IF EXISTS "jwt_with_denylist_users"[0m
  [1m[35m (0.2ms)[0m  [1m[35mCREATE TABLE "jwt_with_denylist_users" ("id" integer PRIMARY KEY AUTOINCREMENT NOT NULL, "email" varchar DEFAULT '' NOT NULL, "encrypted_password" varchar DEFAULT '' NOT NULL, "reset_password_token" varchar, "reset_password_sent_at" datetime(6), "remember_created_at" datetime(6), "sign_in_count" integer DEFAULT 0 NOT NULL, "current_sign_in_at" datetime(6), "last_sign_in_at" datetime(6), "current_sign_in_ip" varchar, "last_sign_in_ip" varchar, "created_at" datetime(6) NOT NULL, "updated_at" datetime(6) NOT NULL)[0m
  [1m[35m (0.2ms)[0m  [1m[35mCREATE UNIQUE INDEX "index_jwt_with_denylist_users_on_email" ON "jwt_with_denylist_users" ("email")[0m
  [1m[35m (0.2ms)[0m  [1m[35mCREATE UNIQUE INDEX "index_jwt_with_denylist_users_on_reset_password_token" ON "jwt_with_denylist_users" ("reset_password_token")[0m
  [1m[35m (0.5ms)[0m  [1m[35mDROP TABLE IF EXISTS "jwt_with_jti_matcher_users"[0m
  [1m[35m (0.5ms)[0m  [1m[35mCREATE TABLE "jwt_with_jti_matcher_users" ("id" integer PRIMARY KEY AUTOINCREMENT NOT NULL, "email" varchar DEFAULT '' NOT NULL, "encrypted_password" varchar DEFAULT '' NOT NULL, "reset_password_token" varchar, "reset_password_sent_at" datetime(6), "remember_created_at" datetime(6), "sign_in_count" integer DEFAULT 0 NOT NULL, "current_sign_in_at" datetime(6), "last_sign_in_at" datetime(6), "current_sign_in_ip" varchar, "last_sign_in_ip" varchar, "created_at" datetime(6) NOT NULL, "updated_at" datetime(6) NOT NULL, "jti" varchar NOT NULL)[0m
  [1m[35m (0.9ms)[0m  [1m[35mCREATE UNIQUE INDEX "index_jwt_with_jti_matcher_users_on_email" ON "jwt_with_jti_matcher_users" ("email")[0m
  [1m[35m (0.3ms)[0m  [1m[35mCREATE UNIQUE INDEX "index_jwt_with_jti_matcher_users_on_reset_password_token" ON "jwt_with_jti_matcher_users" ("reset_password_token")[0m
  [1m[35m (0.3ms)[0m  [1m[35mDROP TABLE IF EXISTS "jwt_with_null_users"[0m
  [1m[35m (0.2ms)[0m  [1m[35mCREATE TABLE "jwt_with_null_users" ("id" integer PRIMARY KEY AUTOINCREMENT NOT NULL, "email" varchar DEFAULT '' NOT NULL, "encrypted_password" varchar DEFAULT '' NOT NULL, "reset_password_token" varchar, "reset_password_sent_at" datetime(6), "remember_created_at" datetime(6), "sign_in_count" integer DEFAULT 0 NOT NULL, "current_sign_in_at" datetime(6), "last_sign_in_at" datetime(6), "current_sign_in_ip" varchar, "last_sign_in_ip" varchar, "created_at" datetime(6) NOT NULL, "updated_at" datetime(6) NOT NULL)[0m
  [1m[35m (0.2ms)[0m  [1m[35mCREATE UNIQUE INDEX "index_jwt_with_null_users_on_email" ON "jwt_with_null_users" ("email")[0m
  [1m[35m (0.2ms)[0m  [1m[35mCREATE UNIQUE INDEX "index_jwt_with_null_users_on_reset_password_token" ON "jwt_with_null_users" ("reset_password_token")[0m
  [1m[35m (0.2ms)[0m  [1m[35mDROP TABLE IF EXISTS "no_jwt_users"[0m
  [1m[35m (0.3ms)[0m  [1m[35mCREATE TABLE "no_jwt_users" ("id" integer PRIMARY KEY AUTOINCREMENT NOT NULL, "email" varchar DEFAULT '' NOT NULL, "encrypted_password" varchar DEFAULT '' NOT NULL, "reset_password_token" varchar, "reset_password_sent_at" datetime(6), "remember_created_at" datetime(6), "sign_in_count" integer DEFAULT 0 NOT NULL, "current_sign_in_at" datetime(6), "last_sign_in_at" datetime(6), "current_sign_in_ip" varchar, "last_sign_in_ip" varchar, "created_at" datetime(6) NOT NULL, "updated_at" datetime(6) NOT NULL)[0m
  [1m[35m (0.2ms)[0m  [1m[35mCREATE UNIQUE INDEX "index_no_jwt_users_on_email" ON "no_jwt_users" ("email")[0m
  [1m[35m (0.2ms)[0m  [1m[35mCREATE UNIQUE INDEX "index_no_jwt_users_on_reset_password_token" ON "no_jwt_users" ("reset_password_token")[0m
  [1m[35m (0.2ms)[0m  [1m[35mDROP TABLE IF EXISTS "users"[0m
  [1m[35m (0.2ms)[0m  [1m[35mCREATE TABLE "users" ("id" integer PRIMARY KEY AUTOINCREMENT NOT NULL, "encrypted_password" varchar, "email" varchar, "public_address" varchar, "created_at" datetime(6) NOT NULL, "updated_at" datetime(6) NOT NULL)[0m
  [1m[36mTRANSACTION (0.0ms)[0m  [1m[36mBEGIN immediate TRANSACTION[0m
  [1m[35mSQL (0.2ms)[0m  [1m[35mPRAGMA foreign_keys[0m
  [1m[35mSQL (0.0ms)[0m  [1m[35mPRAGMA defer_foreign_keys[0m
  [1m[35m (0.0ms)[0m  [1m[35mPRAGMA defer_foreign_keys = ON[0m
  [1m[35m (0.0ms)[0m  [1m[35mPRAGMA foreign_keys = OFF[0m
  [1m[35m (0.2ms)[0m  [1m[35mCREATE TEMPORARY TABLE "aallowlisted_jwts" ("id" integer PRIMARY KEY AUTOINCREMENT NOT NULL, "jti" varchar NOT NULL, "aud" varchar, "jwt_with_allowlist_user_id" integer, "exp" datetime(6) DEFAULT '2017-12-11 11:49:00' NOT NULL)[0m
  [1m[35m (0.1ms)[0m  [1m[35mCREATE INDEX "tindex_aallowlisted_jwts_on_jwt_with_allowlist_user_id" ON "aallowlisted_jwts" ("jwt_with_allowlist_user_id")[0m
  [1m[35m (0.1ms)[0m  [1m[35mCREATE UNIQUE INDEX "tindex_aallowlisted_jwts_on_jti" ON "aallowlisted_jwts" ("jti")[0m
  [1m[35mSQL (0.1ms)[0m  [1m[32mINSERT INTO "aallowlisted_jwts" ("id","jti","aud","jwt_with_allowlist_user_id","exp")
                     SELECT "id","jti","aud","jwt_with_allowlist_user_id","exp" FROM "allowlisted_jwts"[0m
  [1m[35m (0.1ms)[0m  [1m[35mDROP TABLE "allowlisted_jwts"[0m
  [1m[35m (0.2ms)[0m  [1m[35mCREATE TABLE "allowlisted_jwts" ("id" integer PRIMARY KEY AUTOINCREMENT NOT NULL, "jti" varchar NOT NULL, "aud" varchar, "jwt_with_allowlist_user_id" integer, "exp" datetime(6) DEFAULT '2017-12-11 11:49:00' NOT NULL, CONSTRAINT "fk_rails_2bce555a50"
FOREIGN KEY ("jwt_with_allowlist_user_id")
  REFERENCES "jwt_with_allowlist_users" ("id")
)[0m
  [1m[35m (0.2ms)[0m  [1m[35mCREATE UNIQUE INDEX "index_allowlisted_jwts_on_jti" ON "allowlisted_jwts" ("jti")[0m
  [1m[35m (0.2ms)[0m  [1m[35mCREATE INDEX "index_allowlisted_jwts_on_jwt_with_allowlist_user_id" ON "allowlisted_jwts" ("jwt_with_allowlist_user_id")[0m
  [1m[35mSQL (0.1ms)[0m  [1m[32mINSERT INTO "allowlisted_jwts" ("id","jti","aud","jwt_with_allowlist_user_id","exp")
                     SELECT "id","jti","aud","jwt_with_allowlist_user_id","exp" FROM "aallowlisted_jwts"[0m
  [1m[35m (0.1ms)[0m  [1m[35mDROP TABLE "aallowlisted_jwts"[0m
  [1m[35m (0.0ms)[0m  [1m[35mPRAGMA defer_foreign_keys = 0[0m
  [1m[35m (0.0ms)[0m  [1m[35mPRAGMA foreign_keys = 1[0m
  [1m[36mTRANSACTION (0.2ms)[0m  [1m[36mCOMMIT TRANSACTION[0m
  [1m[36mActiveRecord::SchemaMigration Load (0.1ms)[0m  [1m[34mSELECT "schema_migrations"."version" FROM "schema_migrations" ORDER BY "schema_migrations"."version" ASC[0m
  [1m[36mActiveRecord::InternalMetadata Load (0.1ms)[0m  [1m[34mSELECT * FROM "ar_internal_metadata" WHERE "ar_internal_metadata"."key" = ? ORDER BY "ar_internal_metadata"."key" ASC LIMIT 1[0m  [[nil, "environment"]]
  [1m[36mActiveRecord::InternalMetadata Update (0.1ms)[0m  [1m[33mUPDATE "ar_internal_metadata" SET "value" = 'development', "updated_at" = '2025-08-18 09:56:28.249133' WHERE "ar_internal_metadata"."key" = 'environment'[0m
  [1m[36mActiveRecord::InternalMetadata Load (0.1ms)[0m  [1m[34mSELECT * FROM "ar_internal_metadata" WHERE "ar_internal_metadata"."key" = ? ORDER BY "ar_internal_metadata"."key" ASC LIMIT 1[0m  [[nil, "environment"]]
  [1m[36mActiveRecord::InternalMetadata Update (0.1ms)[0m  [1m[33mUPDATE "ar_internal_metadata" SET "value" = 'test', "updated_at" = '2025-08-18 09:56:28.250103' WHERE "ar_internal_metadata"."key" = 'environment'[0m
  [1m[36mActiveRecord::InternalMetadata Load (0.1ms)[0m  [1m[34mSELECT * FROM "ar_internal_metadata" WHERE "ar_internal_metadata"."key" = ? ORDER BY "ar_internal_metadata"."key" ASC LIMIT 1[0m  [[nil, "schema_sha1"]]
  [1m[36mActiveRecord::SchemaMigration Load (0.1ms)[0m  [1m[34mSELECT "schema_migrations"."version" FROM "schema_migrations" ORDER BY "schema_migrations"."version" ASC[0m
